[15-Apr-2019 15:11:14] NOTICE: fpm is running, pid 1214
[15-Apr-2019 15:11:14] NOTICE: ready to handle connections
[16-Apr-2019 13:27:39] NOTICE: fpm is running, pid 643
[16-Apr-2019 13:27:39] NOTICE: ready to handle connections
[18-Apr-2019 12:05:39] NOTICE: fpm is running, pid 619
[18-Apr-2019 12:05:39] NOTICE: ready to handle connections
[19-Apr-2019 09:00:47] NOTICE: fpm is running, pid 622
[19-Apr-2019 09:00:47] NOTICE: ready to handle connections
[06-May-2019 11:40:13] NOTICE: fpm is running, pid 676
[06-May-2019 11:40:13] NOTICE: ready to handle connections
[06-May-2019 11:40:51] NOTICE: fpm is running, pid 649
[06-May-2019 11:40:51] NOTICE: ready to handle connections
[07-May-2019 10:58:41] NOTICE: fpm is running, pid 689
[07-May-2019 10:58:41] NOTICE: ready to handle connections
[07-May-2019 10:58:56] NOTICE: fpm is running, pid 659
[07-May-2019 10:58:56] NOTICE: ready to handle connections
[07-May-2019 14:50:36] NOTICE: fpm is running, pid 662
[07-May-2019 14:50:36] NOTICE: ready to handle connections
[07-May-2019 14:53:06] WARNING: [pool www] server reached pm.max_children setting (5), consider raising it
[08-May-2019 07:28:19] NOTICE: fpm is running, pid 665
[08-May-2019 07:28:19] NOTICE: ready to handle connections
[09-May-2019 19:32:01] NOTICE: fpm is running, pid 706
[09-May-2019 19:32:01] NOTICE: ready to handle connections
[09-May-2019 19:32:18] NOTICE: fpm is running, pid 644
[09-May-2019 19:32:18] NOTICE: ready to handle connections
[10-May-2019 15:47:12] NOTICE: fpm is running, pid 660
[10-May-2019 15:47:12] NOTICE: ready to handle connections
[10-May-2019 21:29:26] NOTICE: fpm is running, pid 649
[10-May-2019 21:29:26] NOTICE: ready to handle connections
[11-May-2019 14:55:18] NOTICE: fpm is running, pid 702
[11-May-2019 14:55:18] NOTICE: ready to handle connections
[11-May-2019 14:55:36] NOTICE: fpm is running, pid 662
[11-May-2019 14:55:36] NOTICE: ready to handle connections
[11-May-2019 18:34:05] NOTICE: fpm is running, pid 665
[11-May-2019 18:34:05] NOTICE: ready to handle connections
[11-May-2019 18:34:27] NOTICE: fpm is running, pid 660
[11-May-2019 18:34:27] NOTICE: ready to handle connections
